Gnosis Chain deployment
=================
Deployment Date: 2024-10-31 19:06:41
Version: rings-1.0.1-beta
Git Commit: 94752cae14143bcb49d95707bd38f9cbadc59227
Deployer Address: 0x0e50fc4e7d629bC5EdD69B6DDDb3c22C6E60704b, Initial nonce: 176
Compiler Version: v0.8.24+commit.e11b9ed9

Deployed Contracts:
Hub: 0x3D61f0A272eC69d65F5CFF097212079aaFDe8267
Migration: 0x28141b6743c8569Ad8B20Ac09046Ba26F9Fb1c90
NameRegistry: 0x8D1BEBbf5b8DFCef0F7E2039e4106A76Cb66f968
ERC20Lift: 0xF47c14035e23E35D551F7d3d96Abbc028143CC11
StandardTreasury: 0x3545955Bc3900bda704261e4991f239BBd99ecE5
BaseGroupMintPolicy: 0x79Cbc9C7077dF161b92a745345A6Ade3fC626A60
MastercopyDemurrageERC20: 0x045d7b6374C14b250eC05b064156465c71EE99B1
MastercopyInflationaryERC20: 0x7213Fa0F97881D2DF0aC8A146E698B3770dcAac4
MastercopyStandardVault: 0xc27cDd9a22943Da7906a355346073070fE2458D8

Bootstrap End Date: 2024-11-15 23:59:59 UTC
Current Time: 2024-10-31 19:06:41 UTC
Bootstrap Period: 1313598 seconds
Bootstrap End Date (Unix time): 1731715199
Current Time (Unix time): 1730401601
